ERROR - 2022-08-14 07:31:18 --> Error connecting to the database: Unknown database '****elopmenta'
CRITICAL - 2022-08-14 07:31:18 --> Unable to connect to the database.
Main connection [MySQLi]: Unknown database '****elopmenta'
#0 D:\Setup\Installations\xampp\htdocs\mypro\system\Database\MySQLi\Connection.php(249): CodeIgniter\Database\BaseConnection->initialize()
#1 D:\Setup\Installations\xampp\htdocs\mypro\app\Controllers\User.php(24): CodeIgniter\Database\MySQLi\Connection->setDatabase('development')
#2 D:\Setup\Installations\xampp\htdocs\mypro\system\CodeIgniter.php(809): App\Controllers\User->__construct()
#3 D:\Setup\Installations\xampp\htdocs\mypro\system\CodeIgniter.php(410): CodeIgniter\CodeIgniter->createController()
#4 D:\Setup\Installations\xampp\htdocs\mypro\system\CodeIgniter.php(326): CodeIgniter\CodeIgniter->handleRequest(NULL, Object(Config\Cache), false)
#5 D:\Setup\Installations\xampp\htdocs\mypro\index.php(37): CodeIgniter\CodeIgniter->run()
#6 {main}
ERROR - 2022-08-14 07:56:53 --> Error connecting to the database: Access denied for user '****'@'localhost' (using password: YES)
CRITICAL - 2022-08-14 07:56:53 --> Unable to connect to the database.
Main connection [MySQLi]: Access denied for user '****'@'localhost' (using password: YES)
#0 D:\Setup\Installations\xampp\htdocs\mypro\system\Database\MySQLi\Connection.php(249): CodeIgniter\Database\BaseConnection->initialize()
#1 D:\Setup\Installations\xampp\htdocs\mypro\app\Controllers\User.php(24): CodeIgniter\Database\MySQLi\Connection->setDatabase('development')
#2 D:\Setup\Installations\xampp\htdocs\mypro\system\CodeIgniter.php(809): App\Controllers\User->__construct()
#3 D:\Setup\Installations\xampp\htdocs\mypro\system\CodeIgniter.php(410): CodeIgniter\CodeIgniter->createController()
#4 D:\Setup\Installations\xampp\htdocs\mypro\system\CodeIgniter.php(326): CodeIgniter\CodeIgniter->handleRequest(NULL, Object(Config\Cache), false)
#5 D:\Setup\Installations\xampp\htdocs\mypro\index.php(37): CodeIgniter\CodeIgniter->run()
#6 {main}
