CRITICAL - 2022-08-13 03:32:32 --> Unknown database 'developmenta'
#0 D:\Setup\Installations\xampp\htdocs\mypro\system\Database\MySQLi\Connection.php(252): mysqli->select_db('developmenta')
#1 D:\Setup\Installations\xampp\htdocs\mypro\app\Controllers\User.php(24): CodeIgniter\Database\MySQLi\Connection->setDatabase('developmenta')
#2 D:\Setup\Installations\xampp\htdocs\mypro\system\CodeIgniter.php(809): App\Controllers\User->__construct()
#3 D:\Setup\Installations\xampp\htdocs\mypro\system\CodeIgniter.php(410): CodeIgniter\CodeIgniter->createController()
#4 D:\Setup\Installations\xampp\htdocs\mypro\system\CodeIgniter.php(326): CodeIgniter\CodeIgniter->handleRequest(NULL, Object(Config\Cache), false)
#5 D:\Setup\Installations\xampp\htdocs\mypro\public\index.php(37): CodeIgniter\CodeIgniter->run()
#6 D:\Setup\Installations\xampp\htdocs\mypro\system\Commands\Server\rewrite.php(43): require_once('D:\\Setup\\Instal...')
#7 {main}
CRITICAL - 2022-08-13 03:33:36 --> CodeIgniter\Database\MySQLi\Connection::setDatabase(): Argument #1 ($databaseName) must be of type string, null given, called in D:\Setup\Installations\xampp\htdocs\mypro\app\Controllers\User.php on line 24
#0 D:\Setup\Installations\xampp\htdocs\mypro\app\Controllers\User.php(24): CodeIgniter\Database\MySQLi\Connection->setDatabase(NULL)
#1 D:\Setup\Installations\xampp\htdocs\mypro\system\CodeIgniter.php(809): App\Controllers\User->__construct()
#2 D:\Setup\Installations\xampp\htdocs\mypro\system\CodeIgniter.php(410): CodeIgniter\CodeIgniter->createController()
#3 D:\Setup\Installations\xampp\htdocs\mypro\system\CodeIgniter.php(326): CodeIgniter\CodeIgniter->handleRequest(NULL, Object(Config\Cache), false)
#4 D:\Setup\Installations\xampp\htdocs\mypro\index.php(37): CodeIgniter\CodeIgniter->run()
#5 {main}
CRITICAL - 2022-08-13 03:33:54 --> CodeIgniter\Database\MySQLi\Connection::setDatabase(): Argument #1 ($databaseName) must be of type string, null given, called in D:\Setup\Installations\xampp\htdocs\mypro\app\Controllers\User.php on line 24
#0 D:\Setup\Installations\xampp\htdocs\mypro\app\Controllers\User.php(24): CodeIgniter\Database\MySQLi\Connection->setDatabase(NULL)
#1 D:\Setup\Installations\xampp\htdocs\mypro\system\CodeIgniter.php(809): App\Controllers\User->__construct()
#2 D:\Setup\Installations\xampp\htdocs\mypro\system\CodeIgniter.php(410): CodeIgniter\CodeIgniter->createController()
#3 D:\Setup\Installations\xampp\htdocs\mypro\system\CodeIgniter.php(326): CodeIgniter\CodeIgniter->handleRequest(NULL, Object(Config\Cache), false)
#4 D:\Setup\Installations\xampp\htdocs\mypro\index.php(37): CodeIgniter\CodeIgniter->run()
#5 {main}
CRITICAL - 2022-08-13 03:35:00 --> Unknown database 'developmenta'
#0 D:\Setup\Installations\xampp\htdocs\mypro\system\Database\MySQLi\Connection.php(252): mysqli->select_db('developmenta')
#1 D:\Setup\Installations\xampp\htdocs\mypro\app\Controllers\User.php(24): CodeIgniter\Database\MySQLi\Connection->setDatabase('developmenta')
#2 D:\Setup\Installations\xampp\htdocs\mypro\system\CodeIgniter.php(809): App\Controllers\User->__construct()
#3 D:\Setup\Installations\xampp\htdocs\mypro\system\CodeIgniter.php(410): CodeIgniter\CodeIgniter->createController()
#4 D:\Setup\Installations\xampp\htdocs\mypro\system\CodeIgniter.php(326): CodeIgniter\CodeIgniter->handleRequest(NULL, Object(Config\Cache), false)
#5 D:\Setup\Installations\xampp\htdocs\mypro\index.php(37): CodeIgniter\CodeIgniter->run()
#6 {main}
ERROR - 2022-08-13 03:38:08 --> You have an error in your SQL syntax; check the manual that corresponds to your MariaDB server version for the right syntax to use near '' at line 1
CRITICAL - 2022-08-13 03:38:08 --> Call to a member function getResult() on bool
#0 D:\Setup\Installations\xampp\htdocs\mypro\app\Controllers\User.php(46): App\Models\UserModel->getUser()
#1 D:\Setup\Installations\xampp\htdocs\mypro\system\CodeIgniter.php(832): App\Controllers\User->getUser()
#2 D:\Setup\Installations\xampp\htdocs\mypro\system\CodeIgniter.php(419): CodeIgniter\CodeIgniter->runController(Object(App\Controllers\User))
#3 D:\Setup\Installations\xampp\htdocs\mypro\system\CodeIgniter.php(326): CodeIgniter\CodeIgniter->handleRequest(NULL, Object(Config\Cache), false)
#4 D:\Setup\Installations\xampp\htdocs\mypro\index.php(37): CodeIgniter\CodeIgniter->run()
#5 {main}
ERROR - 2022-08-13 03:40:34 --> You have an error in your SQL syntax; check the manual that corresponds to your MariaDB server version for the right syntax to use near '' at line 1
CRITICAL - 2022-08-13 03:40:34 --> Call to a member function getNumRows() on bool
#0 D:\Setup\Installations\xampp\htdocs\mypro\app\Models\UserModel.php(134): App\Models\UserModel->isExist('id', NULL)
#1 D:\Setup\Installations\xampp\htdocs\mypro\app\Controllers\User.php(118): App\Models\UserModel->changeActiveStatus()
#2 D:\Setup\Installations\xampp\htdocs\mypro\system\CodeIgniter.php(832): App\Controllers\User->changeActiveStatus()
#3 D:\Setup\Installations\xampp\htdocs\mypro\system\CodeIgniter.php(419): CodeIgniter\CodeIgniter->runController(Object(App\Controllers\User))
#4 D:\Setup\Installations\xampp\htdocs\mypro\system\CodeIgniter.php(326): CodeIgniter\CodeIgniter->handleRequest(NULL, Object(Config\Cache), false)
#5 D:\Setup\Installations\xampp\htdocs\mypro\index.php(37): CodeIgniter\CodeIgniter->run()
#6 {main}
